2021-06-01 19:19:51,476 INFO 59177 [Timer] /Users/yangzhe/work/umi-dva-egg/node_modules/egg-multipart/app/schedule/clean_tmpdir.js next time will execute after 33008526ms at 2021-06-02 04:30:00.002
2021-06-01 19:19:51,476 INFO 59177 [Timer] /Users/yangzhe/work/umi-dva-egg/node_modules/egg-logrotator/app/schedule/clean_log.js next time will execute after 16808524ms at 2021-06-02 00:00:00.000
2021-06-01 19:19:51,477 INFO 59177 [Timer] /Users/yangzhe/work/umi-dva-egg/node_modules/egg-logrotator/app/schedule/rotate_by_file.js next time will execute after 16809524ms at 2021-06-02 00:00:01.001
2021-06-01 19:19:51,351 INFO 59178 [egg-schedule]: register schedule /Users/yangzhe/work/umi-dva-egg/node_modules/egg-multipart/app/schedule/clean_tmpdir.js
2021-06-01 19:19:51,351 INFO 59178 [egg-schedule]: register schedule /Users/yangzhe/work/umi-dva-egg/node_modules/egg-logrotator/app/schedule/clean_log.js
2021-06-01 19:19:51,351 INFO 59178 [egg-schedule]: register schedule /Users/yangzhe/work/umi-dva-egg/node_modules/egg-logrotator/app/schedule/rotate_by_file.js
2021-06-01 19:22:34,222 INFO 59317 [Timer] /Users/yangzhe/work/umi-dva-egg/node_modules/egg-multipart/app/schedule/clean_tmpdir.js next time will execute after 32845781ms at 2021-06-02 04:30:00.003
2021-06-01 19:22:34,222 INFO 59317 [Timer] /Users/yangzhe/work/umi-dva-egg/node_modules/egg-logrotator/app/schedule/clean_log.js next time will execute after 16645778ms at 2021-06-02 00:00:00.000
2021-06-01 19:22:34,223 INFO 59317 [Timer] /Users/yangzhe/work/umi-dva-egg/node_modules/egg-logrotator/app/schedule/rotate_by_file.js next time will execute after 16646777ms at 2021-06-02 00:00:01.000
2021-06-01 19:22:34,095 INFO 59318 [egg-schedule]: register schedule /Users/yangzhe/work/umi-dva-egg/node_modules/egg-multipart/app/schedule/clean_tmpdir.js
2021-06-01 19:22:34,095 INFO 59318 [egg-schedule]: register schedule /Users/yangzhe/work/umi-dva-egg/node_modules/egg-logrotator/app/schedule/clean_log.js
2021-06-01 19:22:34,095 INFO 59318 [egg-schedule]: register schedule /Users/yangzhe/work/umi-dva-egg/node_modules/egg-logrotator/app/schedule/rotate_by_file.js
2021-06-01 19:23:11,934 INFO 59385 [Timer] /Users/yangzhe/work/umi-dva-egg/node_modules/egg-multipart/app/schedule/clean_tmpdir.js next time will execute after 32808069ms at 2021-06-02 04:30:00.003
2021-06-01 19:23:11,934 INFO 59385 [Timer] /Users/yangzhe/work/umi-dva-egg/node_modules/egg-logrotator/app/schedule/clean_log.js next time will execute after 16608066ms at 2021-06-02 00:00:00.000
2021-06-01 19:23:11,934 INFO 59385 [Timer] /Users/yangzhe/work/umi-dva-egg/node_modules/egg-logrotator/app/schedule/rotate_by_file.js next time will execute after 16609066ms at 2021-06-02 00:00:01.000
2021-06-01 19:23:11,855 INFO 59386 [egg-schedule]: register schedule /Users/yangzhe/work/umi-dva-egg/node_modules/egg-multipart/app/schedule/clean_tmpdir.js
2021-06-01 19:23:11,855 INFO 59386 [egg-schedule]: register schedule /Users/yangzhe/work/umi-dva-egg/node_modules/egg-logrotator/app/schedule/clean_log.js
2021-06-01 19:23:11,855 INFO 59386 [egg-schedule]: register schedule /Users/yangzhe/work/umi-dva-egg/node_modules/egg-logrotator/app/schedule/rotate_by_file.js
2021-06-01 19:23:34,952 INFO 59422 [Timer] /Users/yangzhe/work/umi-dva-egg/node_modules/egg-multipart/app/schedule/clean_tmpdir.js next time will execute after 32785051ms at 2021-06-02 04:30:00.003
2021-06-01 19:23:34,952 INFO 59422 [Timer] /Users/yangzhe/work/umi-dva-egg/node_modules/egg-logrotator/app/schedule/clean_log.js next time will execute after 16585048ms at 2021-06-02 00:00:00.000
2021-06-01 19:23:34,952 INFO 59422 [Timer] /Users/yangzhe/work/umi-dva-egg/node_modules/egg-logrotator/app/schedule/rotate_by_file.js next time will execute after 16586048ms at 2021-06-02 00:00:01.000
2021-06-01 19:23:34,866 INFO 59423 [egg-schedule]: register schedule /Users/yangzhe/work/umi-dva-egg/node_modules/egg-multipart/app/schedule/clean_tmpdir.js
2021-06-01 19:23:34,866 INFO 59423 [egg-schedule]: register schedule /Users/yangzhe/work/umi-dva-egg/node_modules/egg-logrotator/app/schedule/clean_log.js
2021-06-01 19:23:34,866 INFO 59423 [egg-schedule]: register schedule /Users/yangzhe/work/umi-dva-egg/node_modules/egg-logrotator/app/schedule/rotate_by_file.js
2021-06-01 19:25:23,674 INFO 59535 [Timer] /Users/yangzhe/work/umi-dva-egg/node_modules/egg-multipart/app/schedule/clean_tmpdir.js next time will execute after 32676329ms at 2021-06-02 04:30:00.003
2021-06-01 19:25:23,674 INFO 59535 [Timer] /Users/yangzhe/work/umi-dva-egg/node_modules/egg-logrotator/app/schedule/clean_log.js next time will execute after 16476326ms at 2021-06-02 00:00:00.000
2021-06-01 19:25:23,674 INFO 59535 [Timer] /Users/yangzhe/work/umi-dva-egg/node_modules/egg-logrotator/app/schedule/rotate_by_file.js next time will execute after 16477326ms at 2021-06-02 00:00:01.000
2021-06-01 19:25:23,548 INFO 59541 [egg-schedule]: register schedule /Users/yangzhe/work/umi-dva-egg/node_modules/egg-multipart/app/schedule/clean_tmpdir.js
2021-06-01 19:25:23,548 INFO 59541 [egg-schedule]: register schedule /Users/yangzhe/work/umi-dva-egg/node_modules/egg-logrotator/app/schedule/clean_log.js
2021-06-01 19:25:23,548 INFO 59541 [egg-schedule]: register schedule /Users/yangzhe/work/umi-dva-egg/node_modules/egg-logrotator/app/schedule/rotate_by_file.js
2021-06-01 19:48:37,377 INFO 61291 [egg-schedule]: register schedule /Users/yangzhe/work/umi-dva-egg/node_modules/egg-multipart/app/schedule/clean_tmpdir.js
2021-06-01 19:48:37,377 INFO 61291 [egg-schedule]: register schedule /Users/yangzhe/work/umi-dva-egg/node_modules/egg-logrotator/app/schedule/clean_log.js
2021-06-01 19:48:37,377 INFO 61291 [egg-schedule]: register schedule /Users/yangzhe/work/umi-dva-egg/node_modules/egg-logrotator/app/schedule/rotate_by_file.js
2021-06-01 19:48:37,500 INFO 61284 [Timer] /Users/yangzhe/work/umi-dva-egg/node_modules/egg-multipart/app/schedule/clean_tmpdir.js next time will execute after 31282502ms at 2021-06-02 04:30:00.002
2021-06-01 19:48:37,501 INFO 61284 [Timer] /Users/yangzhe/work/umi-dva-egg/node_modules/egg-logrotator/app/schedule/clean_log.js next time will execute after 15082500ms at 2021-06-02 00:00:00.001
2021-06-01 19:48:37,501 INFO 61284 [Timer] /Users/yangzhe/work/umi-dva-egg/node_modules/egg-logrotator/app/schedule/rotate_by_file.js next time will execute after 15083499ms at 2021-06-02 00:00:01.000
2021-06-01 20:01:26,652 INFO 61892 [egg-schedule]: register schedule /Users/yangzhe/work/umi-dva-egg/node_modules/egg-multipart/app/schedule/clean_tmpdir.js
2021-06-01 20:01:26,652 INFO 61892 [egg-schedule]: register schedule /Users/yangzhe/work/umi-dva-egg/node_modules/egg-logrotator/app/schedule/clean_log.js
2021-06-01 20:01:26,652 INFO 61892 [egg-schedule]: register schedule /Users/yangzhe/work/umi-dva-egg/node_modules/egg-logrotator/app/schedule/rotate_by_file.js
2021-06-01 20:01:35,115 INFO 61920 [Timer] /Users/yangzhe/work/umi-dva-egg/node_modules/egg-multipart/app/schedule/clean_tmpdir.js next time will execute after 30504888ms at 2021-06-02 04:30:00.003
2021-06-01 20:01:35,115 INFO 61920 [Timer] /Users/yangzhe/work/umi-dva-egg/node_modules/egg-logrotator/app/schedule/clean_log.js next time will execute after 14304885ms at 2021-06-02 00:00:00.000
2021-06-01 20:01:35,115 INFO 61920 [Timer] /Users/yangzhe/work/umi-dva-egg/node_modules/egg-logrotator/app/schedule/rotate_by_file.js next time will execute after 14305885ms at 2021-06-02 00:00:01.000
2021-06-01 20:01:35,008 INFO 61928 [egg-schedule]: register schedule /Users/yangzhe/work/umi-dva-egg/node_modules/egg-multipart/app/schedule/clean_tmpdir.js
2021-06-01 20:01:35,008 INFO 61928 [egg-schedule]: register schedule /Users/yangzhe/work/umi-dva-egg/node_modules/egg-logrotator/app/schedule/clean_log.js
2021-06-01 20:01:35,008 INFO 61928 [egg-schedule]: register schedule /Users/yangzhe/work/umi-dva-egg/node_modules/egg-logrotator/app/schedule/rotate_by_file.js
2021-06-01 20:41:25,363 INFO 64676 [egg-schedule]: register schedule /Users/yangzhe/work/umi-dva-egg/node_modules/egg-multipart/app/schedule/clean_tmpdir.js
2021-06-01 20:41:25,363 INFO 64676 [egg-schedule]: register schedule /Users/yangzhe/work/umi-dva-egg/node_modules/egg-logrotator/app/schedule/clean_log.js
2021-06-01 20:41:25,364 INFO 64676 [egg-schedule]: register schedule /Users/yangzhe/work/umi-dva-egg/node_modules/egg-logrotator/app/schedule/rotate_by_file.js
2021-06-01 20:43:50,542 INFO 64842 [egg-schedule]: register schedule /Users/yangzhe/work/umi-dva-egg/node_modules/egg-multipart/app/schedule/clean_tmpdir.js
2021-06-01 20:43:50,542 INFO 64842 [egg-schedule]: register schedule /Users/yangzhe/work/umi-dva-egg/node_modules/egg-logrotator/app/schedule/clean_log.js
2021-06-01 20:43:50,542 INFO 64842 [egg-schedule]: register schedule /Users/yangzhe/work/umi-dva-egg/node_modules/egg-logrotator/app/schedule/rotate_by_file.js
2021-06-01 20:45:16,348 INFO 64955 [egg-schedule]: register schedule /Users/yangzhe/work/umi-dva-egg/node_modules/egg-multipart/app/schedule/clean_tmpdir.js
2021-06-01 20:45:16,348 INFO 64955 [egg-schedule]: register schedule /Users/yangzhe/work/umi-dva-egg/node_modules/egg-logrotator/app/schedule/clean_log.js
2021-06-01 20:45:16,348 INFO 64955 [egg-schedule]: register schedule /Users/yangzhe/work/umi-dva-egg/node_modules/egg-logrotator/app/schedule/rotate_by_file.js
2021-06-01 20:45:31,759 INFO 65019 [Timer] /Users/yangzhe/work/umi-dva-egg/node_modules/egg-multipart/app/schedule/clean_tmpdir.js next time will execute after 27868244ms at 2021-06-02 04:30:00.003
2021-06-01 20:45:31,759 INFO 65019 [Timer] /Users/yangzhe/work/umi-dva-egg/node_modules/egg-logrotator/app/schedule/clean_log.js next time will execute after 11668241ms at 2021-06-02 00:00:00.000
2021-06-01 20:45:31,759 INFO 65019 [Timer] /Users/yangzhe/work/umi-dva-egg/node_modules/egg-logrotator/app/schedule/rotate_by_file.js next time will execute after 11669241ms at 2021-06-02 00:00:01.000
2021-06-01 20:45:31,670 INFO 65026 [egg-schedule]: register schedule /Users/yangzhe/work/umi-dva-egg/node_modules/egg-multipart/app/schedule/clean_tmpdir.js
2021-06-01 20:45:31,670 INFO 65026 [egg-schedule]: register schedule /Users/yangzhe/work/umi-dva-egg/node_modules/egg-logrotator/app/schedule/clean_log.js
2021-06-01 20:45:31,670 INFO 65026 [egg-schedule]: register schedule /Users/yangzhe/work/umi-dva-egg/node_modules/egg-logrotator/app/schedule/rotate_by_file.js
2021-06-01 20:46:18,313 INFO 65072 [egg-schedule]: register schedule /Users/yangzhe/work/umi-dva-egg/node_modules/egg-multipart/app/schedule/clean_tmpdir.js
2021-06-01 20:46:18,313 INFO 65072 [egg-schedule]: register schedule /Users/yangzhe/work/umi-dva-egg/node_modules/egg-logrotator/app/schedule/clean_log.js
2021-06-01 20:46:18,313 INFO 65072 [egg-schedule]: register schedule /Users/yangzhe/work/umi-dva-egg/node_modules/egg-logrotator/app/schedule/rotate_by_file.js
2021-06-01 20:46:26,077 INFO 65078 [egg-schedule]: register schedule /Users/yangzhe/work/umi-dva-egg/node_modules/egg-multipart/app/schedule/clean_tmpdir.js
2021-06-01 20:46:26,077 INFO 65078 [egg-schedule]: register schedule /Users/yangzhe/work/umi-dva-egg/node_modules/egg-logrotator/app/schedule/clean_log.js
2021-06-01 20:46:26,077 INFO 65078 [egg-schedule]: register schedule /Users/yangzhe/work/umi-dva-egg/node_modules/egg-logrotator/app/schedule/rotate_by_file.js
2021-06-01 20:50:11,797 INFO 65262 [egg-schedule]: register schedule /Users/yangzhe/work/umi-dva-egg/node_modules/egg-multipart/app/schedule/clean_tmpdir.js
2021-06-01 20:50:11,797 INFO 65262 [egg-schedule]: register schedule /Users/yangzhe/work/umi-dva-egg/node_modules/egg-logrotator/app/schedule/clean_log.js
2021-06-01 20:50:11,797 INFO 65262 [egg-schedule]: register schedule /Users/yangzhe/work/umi-dva-egg/node_modules/egg-logrotator/app/schedule/rotate_by_file.js
2021-06-01 20:50:54,475 INFO 65312 [egg-schedule]: register schedule /Users/yangzhe/work/umi-dva-egg/node_modules/egg-multipart/app/schedule/clean_tmpdir.js
2021-06-01 20:50:54,475 INFO 65312 [egg-schedule]: register schedule /Users/yangzhe/work/umi-dva-egg/node_modules/egg-logrotator/app/schedule/clean_log.js
2021-06-01 20:50:54,475 INFO 65312 [egg-schedule]: register schedule /Users/yangzhe/work/umi-dva-egg/node_modules/egg-logrotator/app/schedule/rotate_by_file.js
2021-06-02 11:09:47,944 INFO 68565 [egg-schedule]: register schedule /Users/yangzhe/work/umi-dva-egg/node_modules/egg-multipart/app/schedule/clean_tmpdir.js
2021-06-02 11:09:47,944 INFO 68565 [egg-schedule]: register schedule /Users/yangzhe/work/umi-dva-egg/node_modules/egg-logrotator/app/schedule/clean_log.js
2021-06-02 11:09:47,944 INFO 68565 [egg-schedule]: register schedule /Users/yangzhe/work/umi-dva-egg/node_modules/egg-logrotator/app/schedule/rotate_by_file.js
2021-06-02 11:10:19,037 INFO 68645 [egg-schedule]: register schedule /Users/yangzhe/work/umi-dva-egg/node_modules/egg-multipart/app/schedule/clean_tmpdir.js
2021-06-02 11:10:19,037 INFO 68645 [egg-schedule]: register schedule /Users/yangzhe/work/umi-dva-egg/node_modules/egg-logrotator/app/schedule/clean_log.js
2021-06-02 11:10:19,037 INFO 68645 [egg-schedule]: register schedule /Users/yangzhe/work/umi-dva-egg/node_modules/egg-logrotator/app/schedule/rotate_by_file.js
2021-06-02 11:10:19,153 INFO 68639 [Timer] /Users/yangzhe/work/umi-dva-egg/node_modules/egg-multipart/app/schedule/clean_tmpdir.js next time will execute after 62380850ms at 2021-06-03 04:30:00.003
2021-06-02 11:10:19,153 INFO 68639 [Timer] /Users/yangzhe/work/umi-dva-egg/node_modules/egg-logrotator/app/schedule/clean_log.js next time will execute after 46180847ms at 2021-06-03 00:00:00.000
2021-06-02 11:10:19,154 INFO 68639 [Timer] /Users/yangzhe/work/umi-dva-egg/node_modules/egg-logrotator/app/schedule/rotate_by_file.js next time will execute after 46181847ms at 2021-06-03 00:00:01.001
2021-06-02 11:15:44,764 INFO 68881 [egg-schedule]: register schedule /Users/yangzhe/work/umi-dva-egg/node_modules/egg-multipart/app/schedule/clean_tmpdir.js
2021-06-02 11:15:44,764 INFO 68881 [egg-schedule]: register schedule /Users/yangzhe/work/umi-dva-egg/node_modules/egg-logrotator/app/schedule/clean_log.js
2021-06-02 11:15:44,764 INFO 68881 [egg-schedule]: register schedule /Users/yangzhe/work/umi-dva-egg/node_modules/egg-logrotator/app/schedule/rotate_by_file.js
2021-06-02 11:16:14,647 INFO 68912 [egg-schedule]: register schedule /Users/yangzhe/work/umi-dva-egg/node_modules/egg-multipart/app/schedule/clean_tmpdir.js
2021-06-02 11:16:14,648 INFO 68912 [egg-schedule]: register schedule /Users/yangzhe/work/umi-dva-egg/node_modules/egg-logrotator/app/schedule/clean_log.js
2021-06-02 11:16:14,648 INFO 68912 [egg-schedule]: register schedule /Users/yangzhe/work/umi-dva-egg/node_modules/egg-logrotator/app/schedule/rotate_by_file.js
2021-06-02 11:19:57,992 INFO 69081 [egg-schedule]: register schedule /Users/yangzhe/work/umi-dva-egg/node_modules/egg-multipart/app/schedule/clean_tmpdir.js
2021-06-02 11:19:57,992 INFO 69081 [egg-schedule]: register schedule /Users/yangzhe/work/umi-dva-egg/node_modules/egg-logrotator/app/schedule/clean_log.js
2021-06-02 11:19:57,992 INFO 69081 [egg-schedule]: register schedule /Users/yangzhe/work/umi-dva-egg/node_modules/egg-logrotator/app/schedule/rotate_by_file.js
2021-06-02 11:22:25,612 INFO 69188 [egg-schedule]: register schedule /Users/yangzhe/work/umi-dva-egg/node_modules/egg-multipart/app/schedule/clean_tmpdir.js
2021-06-02 11:22:25,612 INFO 69188 [egg-schedule]: register schedule /Users/yangzhe/work/umi-dva-egg/node_modules/egg-logrotator/app/schedule/clean_log.js
2021-06-02 11:22:25,612 INFO 69188 [egg-schedule]: register schedule /Users/yangzhe/work/umi-dva-egg/node_modules/egg-logrotator/app/schedule/rotate_by_file.js
2021-06-02 11:23:00,633 INFO 69216 [egg-schedule]: register schedule /Users/yangzhe/work/umi-dva-egg/node_modules/egg-multipart/app/schedule/clean_tmpdir.js
2021-06-02 11:23:00,633 INFO 69216 [egg-schedule]: register schedule /Users/yangzhe/work/umi-dva-egg/node_modules/egg-logrotator/app/schedule/clean_log.js
2021-06-02 11:23:00,633 INFO 69216 [egg-schedule]: register schedule /Users/yangzhe/work/umi-dva-egg/node_modules/egg-logrotator/app/schedule/rotate_by_file.js
2021-06-02 11:31:12,164 INFO 69651 [egg-schedule]: register schedule /Users/yangzhe/work/umi-dva-egg/node_modules/egg-multipart/app/schedule/clean_tmpdir.js
2021-06-02 11:31:12,164 INFO 69651 [egg-schedule]: register schedule /Users/yangzhe/work/umi-dva-egg/node_modules/egg-logrotator/app/schedule/clean_log.js
2021-06-02 11:31:12,164 INFO 69651 [egg-schedule]: register schedule /Users/yangzhe/work/umi-dva-egg/node_modules/egg-logrotator/app/schedule/rotate_by_file.js
2021-06-02 11:39:02,811 INFO 69993 [egg-schedule]: register schedule /Users/yangzhe/work/umi-dva-egg/node_modules/egg-multipart/app/schedule/clean_tmpdir.js
2021-06-02 11:39:02,811 INFO 69993 [egg-schedule]: register schedule /Users/yangzhe/work/umi-dva-egg/node_modules/egg-logrotator/app/schedule/clean_log.js
2021-06-02 11:39:02,811 INFO 69993 [egg-schedule]: register schedule /Users/yangzhe/work/umi-dva-egg/node_modules/egg-logrotator/app/schedule/rotate_by_file.js
2021-06-02 11:45:30,124 INFO 70301 [Timer] /Users/yangzhe/work/umi-dva-egg/node_modules/egg-multipart/app/schedule/clean_tmpdir.js next time will execute after 60269879ms at 2021-06-03 04:30:00.002
2021-06-02 11:45:30,124 INFO 70301 [Timer] /Users/yangzhe/work/umi-dva-egg/node_modules/egg-logrotator/app/schedule/clean_log.js next time will execute after 44069876ms at 2021-06-03 00:00:00.000
2021-06-02 11:45:30,124 INFO 70301 [Timer] /Users/yangzhe/work/umi-dva-egg/node_modules/egg-logrotator/app/schedule/rotate_by_file.js next time will execute after 44070876ms at 2021-06-03 00:00:01.000
2021-06-02 11:45:30,033 INFO 70312 [egg-schedule]: register schedule /Users/yangzhe/work/umi-dva-egg/node_modules/egg-multipart/app/schedule/clean_tmpdir.js
2021-06-02 11:45:30,033 INFO 70312 [egg-schedule]: register schedule /Users/yangzhe/work/umi-dva-egg/node_modules/egg-logrotator/app/schedule/clean_log.js
2021-06-02 11:45:30,033 INFO 70312 [egg-schedule]: register schedule /Users/yangzhe/work/umi-dva-egg/node_modules/egg-logrotator/app/schedule/rotate_by_file.js
2021-06-02 11:48:33,320 INFO 70909 [Timer] /Users/yangzhe/work/umi-dva-egg/node_modules/egg-multipart/app/schedule/clean_tmpdir.js next time will execute after 60086683ms at 2021-06-03 04:30:00.003
2021-06-02 11:48:33,320 INFO 70909 [Timer] /Users/yangzhe/work/umi-dva-egg/node_modules/egg-logrotator/app/schedule/clean_log.js next time will execute after 43886680ms at 2021-06-03 00:00:00.000
2021-06-02 11:48:33,321 INFO 70909 [Timer] /Users/yangzhe/work/umi-dva-egg/node_modules/egg-logrotator/app/schedule/rotate_by_file.js next time will execute after 43887679ms at 2021-06-03 00:00:01.000
2021-06-02 11:48:33,207 INFO 70923 [egg-schedule]: register schedule /Users/yangzhe/work/umi-dva-egg/node_modules/egg-multipart/app/schedule/clean_tmpdir.js
2021-06-02 11:48:33,207 INFO 70923 [egg-schedule]: register schedule /Users/yangzhe/work/umi-dva-egg/node_modules/egg-logrotator/app/schedule/clean_log.js
2021-06-02 11:48:33,207 INFO 70923 [egg-schedule]: register schedule /Users/yangzhe/work/umi-dva-egg/node_modules/egg-logrotator/app/schedule/rotate_by_file.js
2021-06-02 11:50:52,045 INFO 71066 [egg-schedule]: register schedule /Users/yangzhe/work/umi-dva-egg/node_modules/egg-multipart/app/schedule/clean_tmpdir.js
2021-06-02 11:50:52,045 INFO 71066 [egg-schedule]: register schedule /Users/yangzhe/work/umi-dva-egg/node_modules/egg-logrotator/app/schedule/clean_log.js
2021-06-02 11:50:52,045 INFO 71066 [egg-schedule]: register schedule /Users/yangzhe/work/umi-dva-egg/node_modules/egg-logrotator/app/schedule/rotate_by_file.js
2021-06-02 11:50:52,134 INFO 71056 [Timer] /Users/yangzhe/work/umi-dva-egg/node_modules/egg-multipart/app/schedule/clean_tmpdir.js next time will execute after 59947869ms at 2021-06-03 04:30:00.003
2021-06-02 11:50:52,134 INFO 71056 [Timer] /Users/yangzhe/work/umi-dva-egg/node_modules/egg-logrotator/app/schedule/clean_log.js next time will execute after 43747866ms at 2021-06-03 00:00:00.000
2021-06-02 11:50:52,135 INFO 71056 [Timer] /Users/yangzhe/work/umi-dva-egg/node_modules/egg-logrotator/app/schedule/rotate_by_file.js next time will execute after 43748866ms at 2021-06-03 00:00:01.001
2021-06-02 11:56:04,494 INFO 71282 [egg-schedule]: register schedule /Users/yangzhe/work/umi-dva-egg/node_modules/egg-multipart/app/schedule/clean_tmpdir.js
2021-06-02 11:56:04,494 INFO 71282 [egg-schedule]: register schedule /Users/yangzhe/work/umi-dva-egg/node_modules/egg-logrotator/app/schedule/clean_log.js
2021-06-02 11:56:04,494 INFO 71282 [egg-schedule]: register schedule /Users/yangzhe/work/umi-dva-egg/node_modules/egg-logrotator/app/schedule/rotate_by_file.js
2021-06-02 14:13:09,634 INFO 76136 [egg-schedule]: register schedule /Users/yangzhe/work/umi-dva-egg/node_modules/egg-multipart/app/schedule/clean_tmpdir.js
2021-06-02 14:13:09,634 INFO 76136 [egg-schedule]: register schedule /Users/yangzhe/work/umi-dva-egg/node_modules/egg-logrotator/app/schedule/clean_log.js
2021-06-02 14:13:09,634 INFO 76136 [egg-schedule]: register schedule /Users/yangzhe/work/umi-dva-egg/node_modules/egg-logrotator/app/schedule/rotate_by_file.js
2021-06-02 14:13:20,289 INFO 76149 [egg-schedule]: register schedule /Users/yangzhe/work/umi-dva-egg/node_modules/egg-multipart/app/schedule/clean_tmpdir.js
2021-06-02 14:13:20,289 INFO 76149 [egg-schedule]: register schedule /Users/yangzhe/work/umi-dva-egg/node_modules/egg-logrotator/app/schedule/clean_log.js
2021-06-02 14:13:20,289 INFO 76149 [egg-schedule]: register schedule /Users/yangzhe/work/umi-dva-egg/node_modules/egg-logrotator/app/schedule/rotate_by_file.js
2021-06-02 14:14:53,782 INFO 76246 [Timer] /Users/yangzhe/work/umi-dva-egg/node_modules/egg-multipart/app/schedule/clean_tmpdir.js next time will execute after 51306221ms at 2021-06-03 04:30:00.003
2021-06-02 14:14:53,782 INFO 76246 [Timer] /Users/yangzhe/work/umi-dva-egg/node_modules/egg-logrotator/app/schedule/clean_log.js next time will execute after 35106218ms at 2021-06-03 00:00:00.000
2021-06-02 14:14:53,782 INFO 76246 [Timer] /Users/yangzhe/work/umi-dva-egg/node_modules/egg-logrotator/app/schedule/rotate_by_file.js next time will execute after 35107218ms at 2021-06-03 00:00:01.000
2021-06-02 14:14:53,694 INFO 76256 [egg-schedule]: register schedule /Users/yangzhe/work/umi-dva-egg/node_modules/egg-multipart/app/schedule/clean_tmpdir.js
2021-06-02 14:14:53,694 INFO 76256 [egg-schedule]: register schedule /Users/yangzhe/work/umi-dva-egg/node_modules/egg-logrotator/app/schedule/clean_log.js
2021-06-02 14:14:53,694 INFO 76256 [egg-schedule]: register schedule /Users/yangzhe/work/umi-dva-egg/node_modules/egg-logrotator/app/schedule/rotate_by_file.js
2021-06-02 14:15:25,221 INFO 76289 [egg-schedule]: register schedule /Users/yangzhe/work/umi-dva-egg/node_modules/egg-multipart/app/schedule/clean_tmpdir.js
2021-06-02 14:15:25,221 INFO 76289 [egg-schedule]: register schedule /Users/yangzhe/work/umi-dva-egg/node_modules/egg-logrotator/app/schedule/clean_log.js
2021-06-02 14:15:25,221 INFO 76289 [egg-schedule]: register schedule /Users/yangzhe/work/umi-dva-egg/node_modules/egg-logrotator/app/schedule/rotate_by_file.js
2021-06-02 14:15:34,140 INFO 76297 [egg-schedule]: register schedule /Users/yangzhe/work/umi-dva-egg/node_modules/egg-multipart/app/schedule/clean_tmpdir.js
2021-06-02 14:15:34,140 INFO 76297 [egg-schedule]: register schedule /Users/yangzhe/work/umi-dva-egg/node_modules/egg-logrotator/app/schedule/clean_log.js
2021-06-02 14:15:34,140 INFO 76297 [egg-schedule]: register schedule /Users/yangzhe/work/umi-dva-egg/node_modules/egg-logrotator/app/schedule/rotate_by_file.js
2021-06-02 14:15:48,021 INFO 76306 [egg-schedule]: register schedule /Users/yangzhe/work/umi-dva-egg/node_modules/egg-multipart/app/schedule/clean_tmpdir.js
2021-06-02 14:15:48,021 INFO 76306 [egg-schedule]: register schedule /Users/yangzhe/work/umi-dva-egg/node_modules/egg-logrotator/app/schedule/clean_log.js
2021-06-02 14:15:48,021 INFO 76306 [egg-schedule]: register schedule /Users/yangzhe/work/umi-dva-egg/node_modules/egg-logrotator/app/schedule/rotate_by_file.js
2021-06-02 14:16:29,206 INFO 76354 [egg-schedule]: register schedule /Users/yangzhe/work/umi-dva-egg/node_modules/egg-multipart/app/schedule/clean_tmpdir.js
2021-06-02 14:16:29,206 INFO 76354 [egg-schedule]: register schedule /Users/yangzhe/work/umi-dva-egg/node_modules/egg-logrotator/app/schedule/clean_log.js
2021-06-02 14:16:29,206 INFO 76354 [egg-schedule]: register schedule /Users/yangzhe/work/umi-dva-egg/node_modules/egg-logrotator/app/schedule/rotate_by_file.js
2021-06-02 14:16:36,807 INFO 76377 [Timer] /Users/yangzhe/work/umi-dva-egg/node_modules/egg-multipart/app/schedule/clean_tmpdir.js next time will execute after 51203196ms at 2021-06-03 04:30:00.003
2021-06-02 14:16:36,807 INFO 76377 [Timer] /Users/yangzhe/work/umi-dva-egg/node_modules/egg-logrotator/app/schedule/clean_log.js next time will execute after 35003193ms at 2021-06-03 00:00:00.000
2021-06-02 14:16:36,807 INFO 76377 [Timer] /Users/yangzhe/work/umi-dva-egg/node_modules/egg-logrotator/app/schedule/rotate_by_file.js next time will execute after 35004193ms at 2021-06-03 00:00:01.000
2021-06-02 14:16:36,723 INFO 76386 [egg-schedule]: register schedule /Users/yangzhe/work/umi-dva-egg/node_modules/egg-multipart/app/schedule/clean_tmpdir.js
2021-06-02 14:16:36,723 INFO 76386 [egg-schedule]: register schedule /Users/yangzhe/work/umi-dva-egg/node_modules/egg-logrotator/app/schedule/clean_log.js
2021-06-02 14:16:36,723 INFO 76386 [egg-schedule]: register schedule /Users/yangzhe/work/umi-dva-egg/node_modules/egg-logrotator/app/schedule/rotate_by_file.js
2021-06-02 14:17:30,037 INFO 76432 [egg-schedule]: register schedule /Users/yangzhe/work/umi-dva-egg/node_modules/egg-multipart/app/schedule/clean_tmpdir.js
2021-06-02 14:17:30,037 INFO 76432 [egg-schedule]: register schedule /Users/yangzhe/work/umi-dva-egg/node_modules/egg-logrotator/app/schedule/clean_log.js
2021-06-02 14:17:30,037 INFO 76432 [egg-schedule]: register schedule /Users/yangzhe/work/umi-dva-egg/node_modules/egg-logrotator/app/schedule/rotate_by_file.js
2021-06-02 14:17:38,572 INFO 76455 [Timer] /Users/yangzhe/work/umi-dva-egg/node_modules/egg-multipart/app/schedule/clean_tmpdir.js next time will execute after 51141431ms at 2021-06-03 04:30:00.003
2021-06-02 14:17:38,573 INFO 76455 [Timer] /Users/yangzhe/work/umi-dva-egg/node_modules/egg-logrotator/app/schedule/clean_log.js next time will execute after 34941428ms at 2021-06-03 00:00:00.001
2021-06-02 14:17:38,573 INFO 76455 [Timer] /Users/yangzhe/work/umi-dva-egg/node_modules/egg-logrotator/app/schedule/rotate_by_file.js next time will execute after 34942427ms at 2021-06-03 00:00:01.000
2021-06-02 14:17:38,458 INFO 76462 [egg-schedule]: register schedule /Users/yangzhe/work/umi-dva-egg/node_modules/egg-multipart/app/schedule/clean_tmpdir.js
2021-06-02 14:17:38,458 INFO 76462 [egg-schedule]: register schedule /Users/yangzhe/work/umi-dva-egg/node_modules/egg-logrotator/app/schedule/clean_log.js
2021-06-02 14:17:38,458 INFO 76462 [egg-schedule]: register schedule /Users/yangzhe/work/umi-dva-egg/node_modules/egg-logrotator/app/schedule/rotate_by_file.js
2021-06-02 14:19:40,519 INFO 76601 [egg-schedule]: register schedule /Users/yangzhe/work/umi-dva-egg/node_modules/egg-multipart/app/schedule/clean_tmpdir.js
2021-06-02 14:19:40,519 INFO 76601 [egg-schedule]: register schedule /Users/yangzhe/work/umi-dva-egg/node_modules/egg-logrotator/app/schedule/clean_log.js
2021-06-02 14:19:40,519 INFO 76601 [egg-schedule]: register schedule /Users/yangzhe/work/umi-dva-egg/node_modules/egg-logrotator/app/schedule/rotate_by_file.js
2021-06-02 14:21:14,403 INFO 76690 [Timer] /Users/yangzhe/work/umi-dva-egg/node_modules/egg-multipart/app/schedule/clean_tmpdir.js next time will execute after 50925600ms at 2021-06-03 04:30:00.003
2021-06-02 14:21:14,403 INFO 76690 [Timer] /Users/yangzhe/work/umi-dva-egg/node_modules/egg-logrotator/app/schedule/clean_log.js next time will execute after 34725597ms at 2021-06-03 00:00:00.000
2021-06-02 14:21:14,403 INFO 76690 [Timer] /Users/yangzhe/work/umi-dva-egg/node_modules/egg-logrotator/app/schedule/rotate_by_file.js next time will execute after 34726597ms at 2021-06-03 00:00:01.000
2021-06-02 14:21:14,317 INFO 76697 [egg-schedule]: register schedule /Users/yangzhe/work/umi-dva-egg/node_modules/egg-multipart/app/schedule/clean_tmpdir.js
2021-06-02 14:21:14,317 INFO 76697 [egg-schedule]: register schedule /Users/yangzhe/work/umi-dva-egg/node_modules/egg-logrotator/app/schedule/clean_log.js
2021-06-02 14:21:14,317 INFO 76697 [egg-schedule]: register schedule /Users/yangzhe/work/umi-dva-egg/node_modules/egg-logrotator/app/schedule/rotate_by_file.js
2021-06-02 16:06:38,893 INFO 81721 [egg-schedule]: register schedule /Users/yangzhe/work/umi-dva-egg/node_modules/egg-multipart/app/schedule/clean_tmpdir.js
2021-06-02 16:06:38,893 INFO 81721 [egg-schedule]: register schedule /Users/yangzhe/work/umi-dva-egg/node_modules/egg-logrotator/app/schedule/clean_log.js
2021-06-02 16:06:38,893 INFO 81721 [egg-schedule]: register schedule /Users/yangzhe/work/umi-dva-egg/node_modules/egg-logrotator/app/schedule/rotate_by_file.js
2021-06-02 16:06:39,618 INFO 81715 [Timer] /Users/yangzhe/work/umi-dva-egg/node_modules/egg-multipart/app/schedule/clean_tmpdir.js next time will execute after 44600386ms at 2021-06-03 04:30:00.004
2021-06-02 16:06:39,618 INFO 81715 [Timer] /Users/yangzhe/work/umi-dva-egg/node_modules/egg-logrotator/app/schedule/clean_log.js next time will execute after 28400382ms at 2021-06-03 00:00:00.000
2021-06-02 16:06:39,619 INFO 81715 [Timer] /Users/yangzhe/work/umi-dva-egg/node_modules/egg-logrotator/app/schedule/rotate_by_file.js next time will execute after 28401382ms at 2021-06-03 00:00:01.001
2021-06-02 16:07:37,869 INFO 81804 [Timer] /Users/yangzhe/work/umi-dva-egg/node_modules/egg-multipart/app/schedule/clean_tmpdir.js next time will execute after 44542134ms at 2021-06-03 04:30:00.003
2021-06-02 16:07:37,869 INFO 81804 [Timer] /Users/yangzhe/work/umi-dva-egg/node_modules/egg-logrotator/app/schedule/clean_log.js next time will execute after 28342131ms at 2021-06-03 00:00:00.000
2021-06-02 16:07:37,869 INFO 81804 [Timer] /Users/yangzhe/work/umi-dva-egg/node_modules/egg-logrotator/app/schedule/rotate_by_file.js next time will execute after 28343131ms at 2021-06-03 00:00:01.000
2021-06-02 16:07:37,777 INFO 81812 [egg-schedule]: register schedule /Users/yangzhe/work/umi-dva-egg/node_modules/egg-multipart/app/schedule/clean_tmpdir.js
2021-06-02 16:07:37,777 INFO 81812 [egg-schedule]: register schedule /Users/yangzhe/work/umi-dva-egg/node_modules/egg-logrotator/app/schedule/clean_log.js
2021-06-02 16:07:37,777 INFO 81812 [egg-schedule]: register schedule /Users/yangzhe/work/umi-dva-egg/node_modules/egg-logrotator/app/schedule/rotate_by_file.js
2021-06-02 16:18:39,814 INFO 82341 [egg-schedule]: register schedule /Users/yangzhe/work/umi-dva-egg/node_modules/egg-multipart/app/schedule/clean_tmpdir.js
2021-06-02 16:18:39,814 INFO 82341 [egg-schedule]: register schedule /Users/yangzhe/work/umi-dva-egg/node_modules/egg-logrotator/app/schedule/clean_log.js
2021-06-02 16:18:39,814 INFO 82341 [egg-schedule]: register schedule /Users/yangzhe/work/umi-dva-egg/node_modules/egg-logrotator/app/schedule/rotate_by_file.js
2021-06-02 16:22:43,295 INFO 82540 [egg-schedule]: register schedule /Users/yangzhe/work/umi-dva-egg/node_modules/egg-multipart/app/schedule/clean_tmpdir.js
2021-06-02 16:22:43,295 INFO 82540 [egg-schedule]: register schedule /Users/yangzhe/work/umi-dva-egg/node_modules/egg-logrotator/app/schedule/clean_log.js
2021-06-02 16:22:43,295 INFO 82540 [egg-schedule]: register schedule /Users/yangzhe/work/umi-dva-egg/node_modules/egg-logrotator/app/schedule/rotate_by_file.js
2021-06-02 16:28:20,111 INFO 82765 [egg-schedule]: register schedule /Users/yangzhe/work/umi-dva-egg/node_modules/egg-multipart/app/schedule/clean_tmpdir.js
2021-06-02 16:28:20,111 INFO 82765 [egg-schedule]: register schedule /Users/yangzhe/work/umi-dva-egg/node_modules/egg-logrotator/app/schedule/clean_log.js
2021-06-02 16:28:20,111 INFO 82765 [egg-schedule]: register schedule /Users/yangzhe/work/umi-dva-egg/node_modules/egg-logrotator/app/schedule/rotate_by_file.js
2021-06-02 16:32:47,931 INFO 82962 [Timer] /Users/yangzhe/work/umi-dva-egg/node_modules/egg-multipart/app/schedule/clean_tmpdir.js next time will execute after 43032071ms at 2021-06-03 04:30:00.002
2021-06-02 16:32:47,932 INFO 82962 [Timer] /Users/yangzhe/work/umi-dva-egg/node_modules/egg-logrotator/app/schedule/clean_log.js next time will execute after 26832068ms at 2021-06-03 00:00:00.000
2021-06-02 16:32:47,932 INFO 82962 [Timer] /Users/yangzhe/work/umi-dva-egg/node_modules/egg-logrotator/app/schedule/rotate_by_file.js next time will execute after 26833068ms at 2021-06-03 00:00:01.000
2021-06-02 16:32:47,819 INFO 82973 [egg-schedule]: register schedule /Users/yangzhe/work/umi-dva-egg/node_modules/egg-multipart/app/schedule/clean_tmpdir.js
2021-06-02 16:32:47,820 INFO 82973 [egg-schedule]: register schedule /Users/yangzhe/work/umi-dva-egg/node_modules/egg-logrotator/app/schedule/clean_log.js
2021-06-02 16:32:47,820 INFO 82973 [egg-schedule]: register schedule /Users/yangzhe/work/umi-dva-egg/node_modules/egg-logrotator/app/schedule/rotate_by_file.js
2021-06-02 16:36:24,731 INFO 83178 [Timer] /Users/yangzhe/work/umi-dva-egg/node_modules/egg-multipart/app/schedule/clean_tmpdir.js next time will execute after 42815272ms at 2021-06-03 04:30:00.003
2021-06-02 16:36:24,731 INFO 83178 [Timer] /Users/yangzhe/work/umi-dva-egg/node_modules/egg-logrotator/app/schedule/clean_log.js next time will execute after 26615269ms at 2021-06-03 00:00:00.000
2021-06-02 16:36:24,731 INFO 83178 [Timer] /Users/yangzhe/work/umi-dva-egg/node_modules/egg-logrotator/app/schedule/rotate_by_file.js next time will execute after 26616269ms at 2021-06-03 00:00:01.000
2021-06-02 16:36:24,623 INFO 83189 [egg-schedule]: register schedule /Users/yangzhe/work/umi-dva-egg/node_modules/egg-multipart/app/schedule/clean_tmpdir.js
2021-06-02 16:36:24,623 INFO 83189 [egg-schedule]: register schedule /Users/yangzhe/work/umi-dva-egg/node_modules/egg-logrotator/app/schedule/clean_log.js
2021-06-02 16:36:24,623 INFO 83189 [egg-schedule]: register schedule /Users/yangzhe/work/umi-dva-egg/node_modules/egg-logrotator/app/schedule/rotate_by_file.js
2021-06-02 16:42:15,698 INFO 83525 [egg-schedule]: register schedule /Users/yangzhe/work/umi-dva-egg/node_modules/egg-multipart/app/schedule/clean_tmpdir.js
2021-06-02 16:42:15,698 INFO 83525 [egg-schedule]: register schedule /Users/yangzhe/work/umi-dva-egg/node_modules/egg-logrotator/app/schedule/clean_log.js
2021-06-02 16:42:15,698 INFO 83525 [egg-schedule]: register schedule /Users/yangzhe/work/umi-dva-egg/node_modules/egg-logrotator/app/schedule/rotate_by_file.js
2021-06-02 16:51:12,992 INFO 83916 [egg-schedule]: register schedule /Users/yangzhe/work/umi-dva-egg/node_modules/egg-multipart/app/schedule/clean_tmpdir.js
2021-06-02 16:51:12,992 INFO 83916 [egg-schedule]: register schedule /Users/yangzhe/work/umi-dva-egg/node_modules/egg-logrotator/app/schedule/clean_log.js
2021-06-02 16:51:12,992 INFO 83916 [egg-schedule]: register schedule /Users/yangzhe/work/umi-dva-egg/node_modules/egg-logrotator/app/schedule/rotate_by_file.js
2021-06-02 16:51:49,150 INFO 83948 [egg-schedule]: register schedule /Users/yangzhe/work/umi-dva-egg/node_modules/egg-multipart/app/schedule/clean_tmpdir.js
2021-06-02 16:51:49,150 INFO 83948 [egg-schedule]: register schedule /Users/yangzhe/work/umi-dva-egg/node_modules/egg-logrotator/app/schedule/clean_log.js
2021-06-02 16:51:49,150 INFO 83948 [egg-schedule]: register schedule /Users/yangzhe/work/umi-dva-egg/node_modules/egg-logrotator/app/schedule/rotate_by_file.js
2021-06-02 16:51:59,527 INFO 83975 [Timer] /Users/yangzhe/work/umi-dva-egg/node_modules/egg-multipart/app/schedule/clean_tmpdir.js next time will execute after 41880475ms at 2021-06-03 04:30:00.002
2021-06-02 16:51:59,528 INFO 83975 [Timer] /Users/yangzhe/work/umi-dva-egg/node_modules/egg-logrotator/app/schedule/clean_log.js next time will execute after 25680472ms at 2021-06-03 00:00:00.000
2021-06-02 16:51:59,528 INFO 83975 [Timer] /Users/yangzhe/work/umi-dva-egg/node_modules/egg-logrotator/app/schedule/rotate_by_file.js next time will execute after 25681472ms at 2021-06-03 00:00:01.000
2021-06-02 16:51:59,443 INFO 83982 [egg-schedule]: register schedule /Users/yangzhe/work/umi-dva-egg/node_modules/egg-multipart/app/schedule/clean_tmpdir.js
2021-06-02 16:51:59,443 INFO 83982 [egg-schedule]: register schedule /Users/yangzhe/work/umi-dva-egg/node_modules/egg-logrotator/app/schedule/clean_log.js
2021-06-02 16:51:59,443 INFO 83982 [egg-schedule]: register schedule /Users/yangzhe/work/umi-dva-egg/node_modules/egg-logrotator/app/schedule/rotate_by_file.js
2021-06-02 16:52:17,259 INFO 83994 [egg-schedule]: register schedule /Users/yangzhe/work/umi-dva-egg/node_modules/egg-multipart/app/schedule/clean_tmpdir.js
2021-06-02 16:52:17,259 INFO 83994 [egg-schedule]: register schedule /Users/yangzhe/work/umi-dva-egg/node_modules/egg-logrotator/app/schedule/clean_log.js
2021-06-02 16:52:17,259 INFO 83994 [egg-schedule]: register schedule /Users/yangzhe/work/umi-dva-egg/node_modules/egg-logrotator/app/schedule/rotate_by_file.js
2021-06-02 16:52:24,595 INFO 84018 [Timer] /Users/yangzhe/work/umi-dva-egg/node_modules/egg-multipart/app/schedule/clean_tmpdir.js next time will execute after 41855407ms at 2021-06-03 04:30:00.002
2021-06-02 16:52:24,596 INFO 84018 [Timer] /Users/yangzhe/work/umi-dva-egg/node_modules/egg-logrotator/app/schedule/clean_log.js next time will execute after 25655405ms at 2021-06-03 00:00:00.001
2021-06-02 16:52:24,596 INFO 84018 [Timer] /Users/yangzhe/work/umi-dva-egg/node_modules/egg-logrotator/app/schedule/rotate_by_file.js next time will execute after 25656404ms at 2021-06-03 00:00:01.000
2021-06-02 16:52:24,509 INFO 84023 [egg-schedule]: register schedule /Users/yangzhe/work/umi-dva-egg/node_modules/egg-multipart/app/schedule/clean_tmpdir.js
2021-06-02 16:52:24,509 INFO 84023 [egg-schedule]: register schedule /Users/yangzhe/work/umi-dva-egg/node_modules/egg-logrotator/app/schedule/clean_log.js
2021-06-02 16:52:24,509 INFO 84023 [egg-schedule]: register schedule /Users/yangzhe/work/umi-dva-egg/node_modules/egg-logrotator/app/schedule/rotate_by_file.js
2021-06-02 16:53:53,526 INFO 84092 [egg-schedule]: register schedule /Users/yangzhe/work/umi-dva-egg/node_modules/egg-multipart/app/schedule/clean_tmpdir.js
2021-06-02 16:53:53,526 INFO 84092 [egg-schedule]: register schedule /Users/yangzhe/work/umi-dva-egg/node_modules/egg-logrotator/app/schedule/clean_log.js
2021-06-02 16:53:53,526 INFO 84092 [egg-schedule]: register schedule /Users/yangzhe/work/umi-dva-egg/node_modules/egg-logrotator/app/schedule/rotate_by_file.js
2021-06-02 16:54:34,064 INFO 84147 [egg-schedule]: register schedule /Users/yangzhe/work/umi-dva-egg/node_modules/egg-multipart/app/schedule/clean_tmpdir.js
2021-06-02 16:54:34,064 INFO 84147 [egg-schedule]: register schedule /Users/yangzhe/work/umi-dva-egg/node_modules/egg-logrotator/app/schedule/clean_log.js
2021-06-02 16:54:34,064 INFO 84147 [egg-schedule]: register schedule /Users/yangzhe/work/umi-dva-egg/node_modules/egg-logrotator/app/schedule/rotate_by_file.js
2021-06-02 16:54:34,227 INFO 84136 [Timer] /Users/yangzhe/work/umi-dva-egg/node_modules/egg-multipart/app/schedule/clean_tmpdir.js next time will execute after 41725776ms at 2021-06-03 04:30:00.003
2021-06-02 16:54:34,227 INFO 84136 [Timer] /Users/yangzhe/work/umi-dva-egg/node_modules/egg-logrotator/app/schedule/clean_log.js next time will execute after 25525773ms at 2021-06-03 00:00:00.000
2021-06-02 16:54:34,227 INFO 84136 [Timer] /Users/yangzhe/work/umi-dva-egg/node_modules/egg-logrotator/app/schedule/rotate_by_file.js next time will execute after 25526773ms at 2021-06-03 00:00:01.000
2021-06-02 17:10:57,794 INFO 84845 [Timer] /Users/yangzhe/work/umi-dva-egg/node_modules/egg-multipart/app/schedule/clean_tmpdir.js next time will execute after 40742209ms at 2021-06-03 04:30:00.003
2021-06-02 17:10:57,794 INFO 84845 [Timer] /Users/yangzhe/work/umi-dva-egg/node_modules/egg-logrotator/app/schedule/clean_log.js next time will execute after 24542206ms at 2021-06-03 00:00:00.000
2021-06-02 17:10:57,795 INFO 84845 [Timer] /Users/yangzhe/work/umi-dva-egg/node_modules/egg-logrotator/app/schedule/rotate_by_file.js next time will execute after 24543206ms at 2021-06-03 00:00:01.001
2021-06-02 17:10:57,675 INFO 84856 [egg-schedule]: register schedule /Users/yangzhe/work/umi-dva-egg/node_modules/egg-multipart/app/schedule/clean_tmpdir.js
2021-06-02 17:10:57,675 INFO 84856 [egg-schedule]: register schedule /Users/yangzhe/work/umi-dva-egg/node_modules/egg-logrotator/app/schedule/clean_log.js
2021-06-02 17:10:57,675 INFO 84856 [egg-schedule]: register schedule /Users/yangzhe/work/umi-dva-egg/node_modules/egg-logrotator/app/schedule/rotate_by_file.js
2021-06-02 17:46:53,447 INFO 92397 [egg-schedule]: register schedule /Users/yangzhe/work/umi-dva-egg/node_modules/egg-multipart/app/schedule/clean_tmpdir.js
2021-06-02 17:46:53,447 INFO 92397 [egg-schedule]: register schedule /Users/yangzhe/work/umi-dva-egg/node_modules/egg-logrotator/app/schedule/clean_log.js
2021-06-02 17:46:53,447 INFO 92397 [egg-schedule]: register schedule /Users/yangzhe/work/umi-dva-egg/node_modules/egg-logrotator/app/schedule/rotate_by_file.js
2021-06-02 17:46:53,568 INFO 92383 [Timer] /Users/yangzhe/work/umi-dva-egg/node_modules/egg-multipart/app/schedule/clean_tmpdir.js next time will execute after 38586435ms at 2021-06-03 04:30:00.003
2021-06-02 17:46:53,568 INFO 92383 [Timer] /Users/yangzhe/work/umi-dva-egg/node_modules/egg-logrotator/app/schedule/clean_log.js next time will execute after 22386432ms at 2021-06-03 00:00:00.000
2021-06-02 17:46:53,568 INFO 92383 [Timer] /Users/yangzhe/work/umi-dva-egg/node_modules/egg-logrotator/app/schedule/rotate_by_file.js next time will execute after 22387432ms at 2021-06-03 00:00:01.000
