2021-06-01 19:20:06,085 ERROR 59178 [-/127.0.0.1/-/11ms GET /] nodejs.Error: Please set config.keys first
    at Application.get keys [as keys] (/Users/yangzhe/work/umi-dva-egg/node_modules/egg/lib/application.js:266:15)
    at Object.get cookies [as cookies] (/Users/yangzhe/work/umi-dva-egg/node_modules/egg/app/extend/context.js:22:66)
    at Object.get [egg-security#CSRF_SECRET] (/Users/yangzhe/work/umi-dva-egg/node_modules/egg-security/app/extend/context.js:91:35)
    at Object.ensureCsrfSecret (/Users/yangzhe/work/umi-dva-egg/node_modules/egg-security/app/extend/context.js:104:13)
    at csrf (/Users/yangzhe/work/umi-dva-egg/node_modules/egg-security/lib/middlewares/csrf.js:15:11)
    at dispatch (/Users/yangzhe/work/umi-dva-egg/node_modules/koa-compose/index.js:42:32)
    at /Users/yangzhe/work/umi-dva-egg/node_modules/koa-compose/index.js:34:12
    at dispatch (/Users/yangzhe/work/umi-dva-egg/node_modules/koa-compose/index.js:42:32)
    at session (/Users/yangzhe/work/umi-dva-egg/node_modules/koa-session/index.js:41:13)
    at dispatch (/Users/yangzhe/work/umi-dva-egg/node_modules/koa-compose/index.js:42:32)

pid: 59178
hostname: yangzhedeMacBook-Pro.local

2021-06-02 11:13:48,491 ERROR 68645 [-/::1/-/5ms GET /news] nodejs.AssertionError [ERR_ASSERTION]: Can't find list.tpl from /Users/yangzhe/work/umi-dva-egg/app/view
    at Map.resolve (/Users/yangzhe/work/umi-dva-egg/node_modules/egg-view/lib/view_manager.js:74:5)
generatedMessage: false
name: "AssertionError [ERR_ASSERTION]"
code: "ERR_ASSERTION"
actual: undefined
expected: true
operator: "=="
pid: 68645
hostname: yangzhedeMacBook-Pro.local

